
=== Deploying to 'aws-workshop-to-pdf'...

i  deploying storage, functions, hosting
i  storage: ensuring required API firebasestorage.googleapis.com is enabled...
i  firebase.storage: checking storage.rules for compilation errors...
✔  firebase.storage: rules file storage.rules compiled successfully
i  functions: preparing codebase default for deployment
i  functions: ensuring required API cloudfunctions.googleapis.com is enabled...
i  functions: ensuring required API cloudbuild.googleapis.com is enabled...
i  artifactregistry: ensuring required API artifactregistry.googleapis.com is enabled...
i  functions: Loading and analyzing source code for codebase default to determine what to deploy
Serving at port 8151

i  extensions: ensuring required API firebaseextensions.googleapis.com is enabled...
i  functions: preparing functions directory for uploading...
i  functions: packaged /Users/uchidatakashi/Documents/Projects/aws-workshop-to-pdf/functions (43.5 KB) for uploading
i  functions: ensuring required API run.googleapis.com is enabled...
i  functions: ensuring required API eventarc.googleapis.com is enabled...
i  functions: ensuring required API pubsub.googleapis.com is enabled...
i  functions: ensuring required API storage.googleapis.com is enabled...
i  functions: generating the service identity for pubsub.googleapis.com...
i  functions: generating the service identity for eventarc.googleapis.com...
i  storage: latest version of storage.rules already up to date, skipping upload...
i  hosting[aws-workshop-to-pdf]: beginning deploy...
i  hosting[aws-workshop-to-pdf]: found 5 files in public
✔  hosting[aws-workshop-to-pdf]: file upload complete
✔  storage: released rules storage.rules to firebase.storage
i  functions: Skipping the deploy of unchanged functions.
✔  functions[convertToPdf(us-central1)] Skipped (No changes detected)
i  hosting[aws-workshop-to-pdf]: finalizing version...
✔  hosting[aws-workshop-to-pdf]: version finalized
i  hosting[aws-workshop-to-pdf]: releasing new version...
✔  hosting[aws-workshop-to-pdf]: release complete

✔  Deploy complete!

Project Console: https://console.firebase.google.com/project/aws-workshop-to-pdf/overview
Hosting URL: https://aws-workshop-to-pdf.web.app
