[debug] [2025-10-20T15:06:31.882Z] ----------------------------------------------------------------------
[debug] [2025-10-20T15:06:31.885Z] Command:       /nix/store/ws50yvm6vzlzf7jzz6n7xh4szddrack1-nodejs-20.19.1/bin/node /nix/store/i78h9v2gl6qg2w9646hi06syn3hbv4kj-firebase-tools-14.19.1/lib/node_modules/firebase-tools/lib/bin/firebase.js init hosting
[debug] [2025-10-20T15:06:31.885Z] CLI Version:   14.19.1
[debug] [2025-10-20T15:06:31.886Z] Platform:      linux
[debug] [2025-10-20T15:06:31.886Z] Node Version:  v20.19.1
[debug] [2025-10-20T15:06:31.886Z] Time:          Mon Oct 20 2025 15:06:31 GMT+0000 (Coordinated Universal Time)
[debug] [2025-10-20T15:06:31.886Z] ----------------------------------------------------------------------
[debug] 
[debug] [2025-10-20T15:06:31.892Z] No OAuth tokens found
[debug] [2025-10-20T15:06:31.893Z] No OAuth tokens found
[error] Failed to fetch Firebase Project from current Studio Workspace: Unable to refresh auth: not yet authenticated.
[info] 
     ######## #### ########  ######## ########     ###     ######  ########
     ##        ##  ##     ## ##       ##     ##  ##   ##  ##       ##
     ######    ##  ########  ######   ########  #########  ######  ######
     ##        ##  ##    ##  ##       ##     ## ##     ##       ## ##
     ##       #### ##     ## ######## ########  ##     ##  ######  ########

You're about to initialize a Firebase project in this directory:

  /home/user/aws-workshop-to-pdf

[info] 
=== Project Setup
[info] 
[info] First, let's associate this project directory with a Firebase project.
[info] You can create multiple project aliases by running firebase use --add, 
[info] 
[debug] [2025-10-20T15:06:31.904Z] > command requires scopes: ["email","openid","https://www.googleapis.com/auth/cloudplatformprojects.readonly","https://www.googleapis.com/auth/firebase","https://www.googleapis.com/auth/cloud-platform","https://www.googleapis.com/auth/userinfo.email"]
[debug] [2025-10-20T15:06:31.905Z] > authorizing via signed-in user (takashi.uchida.office@gmail.com)
[debug] [2025-10-20T15:06:31.906Z] No OAuth tokens found
[debug] [2025-10-20T15:06:31.906Z] No OAuth tokens found
[debug] [2025-10-20T15:06:31.907Z] > command requires scopes: ["email","openid","https://www.googleapis.com/auth/cloudplatformprojects.readonly","https://www.googleapis.com/auth/firebase","https://www.googleapis.com/auth/cloud-platform","https://www.googleapis.com/auth/userinfo.email"]
[debug] [2025-10-20T15:06:31.907Z] > authorizing via signed-in user (takashi.uchida.office@gmail.com)
[debug] [2025-10-20T15:06:31.909Z] >>> [apiv2][query] GET https://firebase.googleapis.com/v1beta1/projects/main-475714 [none]
[debug] [2025-10-20T15:06:32.253Z] <<< [apiv2][status] GET https://firebase.googleapis.com/v1beta1/projects/main-475714 200
[debug] [2025-10-20T15:06:32.253Z] <<< [apiv2][body] GET https://firebase.googleapis.com/v1beta1/projects/main-475714 {"projectId":"main-475714","projectNumber":"180658297775","displayName":"main","name":"projects/main-475714","resources":{"hostingSite":"main-475714"},"state":"ACTIVE","etag":"1_d7971346-5678-4b97-9b4a-8b66e7557eac"}
[info] i  Using project main-475714 (main) . 
[info] 
=== Hosting Setup
[debug] [2025-10-20T15:06:32.269Z] No OAuth tokens found
[debug] [2025-10-20T15:06:32.269Z] No OAuth tokens found
[debug] [2025-10-20T15:06:32.269Z] > command requires scopes: ["email","openid","https://www.googleapis.com/auth/cloudplatformprojects.readonly","https://www.googleapis.com/auth/firebase","https://www.googleapis.com/auth/cloud-platform","https://www.googleapis.com/auth/userinfo.email"]
[debug] [2025-10-20T15:06:32.270Z] > authorizing via signed-in user (takashi.uchida.office@gmail.com)
[debug] [2025-10-20T15:06:32.270Z] >>> [apiv2][query] GET https://firebase.googleapis.com/v1beta1/projects/main-475714 [none]
[debug] [2025-10-20T15:06:32.473Z] <<< [apiv2][status] GET https://firebase.googleapis.com/v1beta1/projects/main-475714 200
[debug] [2025-10-20T15:06:32.473Z] <<< [apiv2][body] GET https://firebase.googleapis.com/v1beta1/projects/main-475714 {"projectId":"main-475714","projectNumber":"180658297775","displayName":"main","name":"projects/main-475714","resources":{"hostingSite":"main-475714"},"state":"ACTIVE","etag":"1_d7971346-5678-4b97-9b4a-8b66e7557eac"}
[info] 
[info] i  Detected a .git folder at /home/user/aws-workshop-to-pdf 
[info] i  Authorizing with GitHub to upload your service account to a GitHub repository's secrets store. 
[info] 
[info] Visit this URL on this device to log in:
[info] https://github.com/login/oauth/authorize?client_id=89cf50f02ac6aaed3484&state=674844690&redirect_uri=http%3A%2F%2Flocalhost%3A9005&scope=read%3Auser%20repo%20public_repo
[info] 
[info] Waiting for authentication...
